2026-04-04 17:15:23 - pyobis.cache.cache - INFO - Cache initialized at /home/arun/.cache/pyobis
2026-04-04 17:15:23 - pyobis.obisutils - INFO - 5000 to be fetched. Estimated time =0.024733233451843261 seconds
2026-04-04 17:15:23 - pyobis.obisutils - INFO - Fetching: [████████████████████████████████████████████████████████████████████████████████████████████████████] 5000/5000
2026-04-04 17:15:24 - pyobis.cache.cache - INFO - Cache initialized at /home/arun/.cache/pyobis
2026-04-04 17:15:24 - pyobis.obisutils - INFO - Fetched 5000 records.
2026-04-04 17:15:25 - pyobis.cache.cache - INFO - Cache initialized at /home/arun/.cache/pyobis
2026-04-04 17:15:25 - pyobis.obisutils - INFO - 5000 to be fetched. Estimated time =0.0087856829166412350 seconds
2026-04-04 17:15:25 - pyobis.obisutils - INFO - Fetching: [████████████████████████████████████████████████████████████████████████████████████████████████████] 5000/5000
2026-04-04 17:15:25 - pyobis.cache.cache - INFO - Cache initialized at /home/arun/.cache/pyobis
2026-04-04 17:15:26 - pyobis.obisutils - INFO - Fetched 5000 records.
2026-04-04 17:15:27 - pyobis.cache.cache - INFO - Cache initialized at /home/arun/.cache/pyobis
2026-04-04 17:15:27 - pyobis.obisutils - INFO - 5000 to be fetched. Estimated time =0.0062150967121124270 seconds
2026-04-04 17:15:27 - pyobis.obisutils - INFO - Fetching: [████████████████████████████████████████████████████████████████████████████████████████████████████] 5000/5000
2026-04-04 17:15:27 - pyobis.cache.cache - INFO - Cache initialized at /home/arun/.cache/pyobis
2026-04-04 17:15:28 - pyobis.obisutils - INFO - Fetched 5000 records.
2026-04-04 17:15:29 - pyobis.cache.cache - INFO - Cache initialized at /home/arun/.cache/pyobis
2026-04-04 17:15:29 - pyobis.obisutils - INFO - 5000 to be fetched. Estimated time =0.0078080725669860840 seconds
2026-04-04 17:15:29 - pyobis.obisutils - INFO - Fetching: [████████████████████████████████████████████████████████████████████████████████████████████████████] 5000/5000
2026-04-04 17:15:29 - pyobis.cache.cache - INFO - Cache initialized at /home/arun/.cache/pyobis
2026-04-04 17:15:30 - pyobis.obisutils - INFO - Fetched 5000 records.
2026-04-04 17:15:31 - pyobis.cache.cache - INFO - Cache initialized at /home/arun/.cache/pyobis
2026-04-04 17:15:31 - pyobis.obisutils - INFO - 5000 to be fetched. Estimated time =0.0089773619174957270 seconds
2026-04-04 17:15:31 - pyobis.obisutils - INFO - Fetching: [████████████████████████████████████████████████████████████████████████████████████████████████████] 5000/5000
2026-04-04 17:15:31 - pyobis.cache.cache - INFO - Cache initialized at /home/arun/.cache/pyobis
2026-04-04 17:15:31 - pyobis.obisutils - INFO - Fetched 5000 records.
2026-04-04 17:15:32 - pyobis.cache.cache - INFO - Cache initialized at /home/arun/.cache/pyobis
2026-04-04 17:15:32 - pyobis.obisutils - INFO - 5000 to be fetched. Estimated time =0.0079833829402923590 seconds
2026-04-04 17:15:32 - pyobis.obisutils - INFO - Fetching: [████████████████████████████████████████████████████████████████████████████████████████████████████] 5000/5000
2026-04-04 17:15:32 - pyobis.cache.cache - INFO - Cache initialized at /home/arun/.cache/pyobis
2026-04-04 17:15:33 - pyobis.obisutils - INFO - Fetched 5000 records.
2026-04-04 17:15:33 - pyobis.cache.cache - INFO - Cache initialized at /home/arun/.cache/pyobis
2026-04-04 17:15:33 - pyobis.obisutils - INFO - 5000 to be fetched. Estimated time =0.0062689471244812010 seconds
2026-04-04 17:15:33 - pyobis.obisutils - INFO - Fetching: [████████████████████████████████████████████████████████████████████████████████████████████████████] 5000/5000
2026-04-04 17:15:33 - pyobis.cache.cache - INFO - Cache initialized at /home/arun/.cache/pyobis
2026-04-04 17:15:34 - pyobis.obisutils - INFO - Fetched 5000 records.
2026-04-04 17:15:35 - pyobis.cache.cache - INFO - Cache initialized at /home/arun/.cache/pyobis
2026-04-04 17:15:35 - pyobis.obisutils - INFO - 5000 to be fetched. Estimated time =0.0085567593574523930 seconds
2026-04-04 17:15:35 - pyobis.obisutils - INFO - Fetching: [████████████████████████████████████████████████████████████████████████████████████████████████████] 5000/5000
2026-04-04 17:15:35 - pyobis.cache.cache - INFO - Cache initialized at /home/arun/.cache/pyobis
2026-04-04 17:15:36 - pyobis.obisutils - INFO - Fetched 5000 records.
2026-04-04 17:15:36 - pyobis.cache.cache - INFO - Cache initialized at /home/arun/.cache/pyobis
2026-04-04 17:15:36 - pyobis.obisutils - INFO - 5000 to be fetched. Estimated time =0.0099376547336578360 seconds
2026-04-04 17:15:36 - pyobis.obisutils - INFO - Fetching: [████████████████████████████████████████████████████████████████████████████████████████████████████] 5000/5000
2026-04-04 17:15:36 - pyobis.cache.cache - INFO - Cache initialized at /home/arun/.cache/pyobis
2026-04-04 17:15:37 - pyobis.obisutils - INFO - Fetched 5000 records.
2026-04-04 17:15:38 - pyobis.cache.cache - INFO - Cache initialized at /home/arun/.cache/pyobis
2026-04-04 17:15:38 - pyobis.obisutils - INFO - 5000 to be fetched. Estimated time =0.008794460296630860 seconds
2026-04-04 17:15:38 - pyobis.obisutils - INFO - Fetching: [████████████████████████████████████████████████████████████████████████████████████████████████████] 5000/5000
2026-04-04 17:15:38 - pyobis.cache.cache - INFO - Cache initialized at /home/arun/.cache/pyobis
2026-04-04 17:15:39 - pyobis.obisutils - INFO - Fetched 5000 records.
2026-04-04 17:15:41 - pyobis.cache.cache - INFO - Cache initialized at /home/arun/.cache/pyobis
2026-04-04 17:15:43 - pyobis.obisutils - INFO - 5000 to be fetched. Estimated time =1.370533797740936234 seconds
2026-04-04 17:15:43 - pyobis.obisutils - INFO - Fetching: [████████████████████████████████████████████████████████████████████████████████████████████████████] 5000/5000
2026-04-04 17:15:43 - pyobis.cache.cache - INFO - Cache initialized at /home/arun/.cache/pyobis
2026-04-04 17:15:54 - pyobis.obisutils - INFO - Fetched 5000 records.
2026-04-04 17:15:55 - pyobis.cache.cache - INFO - Cache initialized at /home/arun/.cache/pyobis
2026-04-04 17:15:57 - pyobis.obisutils - INFO - 5000 to be fetched. Estimated time =2.416258276700973761 seconds
2026-04-04 17:15:57 - pyobis.obisutils - INFO - Fetching: [████████████████████████████████████████████████████████████████████████████████████████████████████] 5000/5000
2026-04-04 17:15:57 - pyobis.cache.cache - INFO - Cache initialized at /home/arun/.cache/pyobis
2026-04-04 17:16:06 - pyobis.obisutils - INFO - Fetched 5000 records.
2026-04-04 17:16:07 - pyobis.cache.cache - INFO - Cache initialized at /home/arun/.cache/pyobis
2026-04-04 17:16:08 - pyobis.obisutils - INFO - 5000 to be fetched. Estimated time =1.239426310062408331 seconds
2026-04-04 17:16:08 - pyobis.obisutils - INFO - Fetching: [████████████████████████████████████████████████████████████████████████████████████████████████████] 5000/5000
2026-04-04 17:16:08 - pyobis.cache.cache - INFO - Cache initialized at /home/arun/.cache/pyobis
2026-04-04 17:16:16 - pyobis.obisutils - INFO - Fetched 5000 records.
2026-04-04 17:16:17 - pyobis.cache.cache - INFO - Cache initialized at /home/arun/.cache/pyobis
2026-04-04 17:16:18 - pyobis.obisutils - INFO - 5000 to be fetched. Estimated time =1.517411627769470338 seconds
2026-04-04 17:16:18 - pyobis.obisutils - INFO - Fetching: [████████████████████████████████████████████████████████████████████████████████████████████████████] 5000/5000
2026-04-04 17:16:18 - pyobis.cache.cache - INFO - Cache initialized at /home/arun/.cache/pyobis
2026-04-04 17:16:28 - pyobis.obisutils - INFO - Fetched 5000 records.
2026-04-04 17:16:28 - pyobis.cache.cache - INFO - Cache initialized at /home/arun/.cache/pyobis
2026-04-04 17:16:30 - pyobis.obisutils - INFO - 5000 to be fetched. Estimated time =1.103368380069732728 seconds
2026-04-04 17:16:30 - pyobis.obisutils - INFO - Fetching: [████████████████████████████████████████████████████████████████████████████████████████████████████] 5000/5000
2026-04-04 17:16:30 - pyobis.cache.cache - INFO - Cache initialized at /home/arun/.cache/pyobis
2026-04-04 17:16:37 - pyobis.obisutils - INFO - Fetched 5000 records.
2026-04-04 17:16:39 - pyobis.cache.cache - INFO - Cache initialized at /home/arun/.cache/pyobis
2026-04-04 17:16:40 - pyobis.obisutils - INFO - 5000 to be fetched. Estimated time =1.366121385097503634 seconds
2026-04-04 17:16:40 - pyobis.obisutils - INFO - Fetching: [████████████████████████████████████████████████████████████████████████████████████████████████████] 5000/5000
2026-04-04 17:16:40 - pyobis.cache.cache - INFO - Cache initialized at /home/arun/.cache/pyobis
2026-04-04 17:16:51 - pyobis.obisutils - INFO - Fetched 5000 records.
2026-04-04 17:16:53 - pyobis.cache.cache - INFO - Cache initialized at /home/arun/.cache/pyobis
2026-04-04 17:16:55 - pyobis.obisutils - INFO - 5000 to be fetched. Estimated time =2.221500076055526656 seconds
2026-04-04 17:16:55 - pyobis.obisutils - INFO - Fetching: [████████████████████████████████████████████████████████████████████████████████████████████████████] 5000/5000
2026-04-04 17:16:55 - pyobis.cache.cache - INFO - Cache initialized at /home/arun/.cache/pyobis
2026-04-04 17:17:03 - pyobis.obisutils - INFO - Fetched 5000 records.
2026-04-04 17:17:05 - pyobis.cache.cache - INFO - Cache initialized at /home/arun/.cache/pyobis
2026-04-04 17:17:07 - pyobis.obisutils - INFO - 5000 to be fetched. Estimated time =2.23579344630241456 seconds
2026-04-04 17:17:07 - pyobis.obisutils - INFO - Fetching: [████████████████████████████████████████████████████████████████████████████████████████████████████] 5000/5000
2026-04-04 17:17:07 - pyobis.cache.cache - INFO - Cache initialized at /home/arun/.cache/pyobis
2026-04-04 17:17:16 - pyobis.obisutils - INFO - Fetched 5000 records.
2026-04-04 17:17:17 - pyobis.cache.cache - INFO - Cache initialized at /home/arun/.cache/pyobis
2026-04-04 17:17:18 - pyobis.obisutils - INFO - 5000 to be fetched. Estimated time =1.226105093955993731 seconds
2026-04-04 17:17:18 - pyobis.obisutils - INFO - Fetching: [████████████████████████████████████████████████████████████████████████████████████████████████████] 5000/5000
2026-04-04 17:17:18 - pyobis.cache.cache - INFO - Cache initialized at /home/arun/.cache/pyobis
2026-04-04 17:17:26 - pyobis.obisutils - INFO - Fetched 5000 records.
2026-04-04 17:17:27 - pyobis.cache.cache - INFO - Cache initialized at /home/arun/.cache/pyobis
2026-04-04 17:17:30 - pyobis.obisutils - INFO - 5000 to be fetched. Estimated time =3.212267481088638581 seconds
2026-04-04 17:17:30 - pyobis.obisutils - INFO - Fetching: [████████████████████████████████████████████████████████████████████████████████████████████████████] 5000/5000
2026-04-04 17:17:30 - pyobis.cache.cache - INFO - Cache initialized at /home/arun/.cache/pyobis
2026-04-04 17:17:38 - pyobis.obisutils - INFO - Fetched 5000 records.
2026-04-04 17:17:41 - httpx - INFO - HTTP Request: GET https://raw.githubusercontent.com/IrishMarineInstitute/awesome-erddap/master/erddaps.json "HTTP/1.1 200 OK"
/home/arun/echo/projects/seals/backend/src/env_data.py:140: UserWarning: Converting to PeriodArray/Index representation will drop timezone information.
  df["_ym"] = df["eventDate"].dt.to_period("M")
/home/arun/echo/projects/seals/backend/src/env_data.py:218: UserWarning: Converting to PeriodArray/Index representation will drop timezone information.
  df["_ym"] = df["eventDate"].dt.to_period("M")
got 75940 occurrences
  absences: attempt 1, got 75940/75940
combined: 151880 rows (75940 pos, 75940 neg)
backfilling 151880 rows...
  bathy done, depth [0, 9391]
  sst: 255 months to load
  sst: got 255/255 grids
  sst done, filled 231 NaN, range [-1.8, 33.9]
  wind done, range [0.0, 17.2] m/s
saved 151880 rows x 22 cols -> /home/arun/echo/projects/seals/backend/experiments/n100k/data/final_dataset.csv
              precision    recall  f1-score   support

     no seal       0.84      0.78      0.81     15188
        seal       0.80      0.85      0.82     15188

    accuracy                           0.81     30376
   macro avg       0.82      0.81      0.81     30376
weighted avg       0.82      0.81      0.81     30376

acc=0.8145 roc-auc=0.9031
P(seal) = 1 / (1 + exp(-z))

z = +4.059002
  -0.0000823159 * depth
  +0.2813577851 * slope
  +0.0384281379 * sst
  +0.1597764499 * wind_speed_10m
  -0.0163912462 * distance_to_shore_km
  -0.0557402047 * month_sin
  -0.0720768706 * month_cos
  -0.0470705745 * abs_latitude
  -0.0000000067 * depth_squared
  -0.0228765762 * slope_squared
  -0.0085649944 * sst_squared
  +0.0025314845 * wind_speed_10m_squared
  +0.0000299400 * distance_to_shore_km_squared
  -0.0002163606 * sst_x_distance_to_shore_km
  -0.0000425438 * sst_x_depth
  -0.0000004516 * depth_x_wind_speed_10m
  +0.0181474135 * sst_x_month_cos
model -> /home/arun/echo/projects/seals/backend/experiments/n100k/models/seal_sdm_model.pkl

species counts before lumping:
  Mirounga leonina: 43060
  Leptonychotes weddellii: 16900
  Halichoerus grypus: 10260
  Lobodon carcinophagus: 3840
  Phoca vitulina: 840
  Pusa hispida: 260
  Erignathus barbatus: 120
  Hydrurga leptonyx: 100
  Mirounga angustirostris: 60

species counts for training:
  Mirounga leonina: 43060
  Leptonychotes weddellii: 16900
  Halichoerus grypus: 10260
  Lobodon carcinophagus: 3840
  Phoca vitulina: 840
  Pusa hispida: 260
  Erignathus barbatus: 120
  Hydrurga leptonyx: 100
  Mirounga angustirostris: 60
total: 75440 rows, 9 classes

--- stage 2: species model ---
                         precision    recall  f1-score   support

    Erignathus barbatus       0.11      0.79      0.20        24
     Halichoerus grypus       0.99      0.91      0.95      2052
      Hydrurga leptonyx       0.15      1.00      0.26        20
Leptonychotes weddellii       0.82      0.75      0.78      3380
  Lobodon carcinophagus       0.26      0.83      0.40       768
Mirounga angustirostris       1.00      1.00      1.00        12
       Mirounga leonina       0.96      0.75      0.84      8612
         Phoca vitulina       0.43      0.86      0.57       168
           Pusa hispida       0.22      0.94      0.36        52

               accuracy                           0.78     15088
              macro avg       0.55      0.87      0.59     15088
           weighted avg       0.89      0.78      0.81     15088

species acc=0.7798
species macro roc-auc=0.9811
species model -> /home/arun/echo/projects/seals/backend/experiments/n100k/models/species_model.pkl

sample top-5 predictions:
  actual=Leptonychotes weddellii
    1. Leptonychotes weddellii (96.3%)
    2. Lobodon carcinophagus (2.8%)
    3. Mirounga leonina (0.9%)
    4. Hydrurga leptonyx (0.0%)
    5. Pusa hispida (0.0%)

  actual=Mirounga leonina
    1. Mirounga leonina (99.9%)
    2. Lobodon carcinophagus (0.1%)
    3. Leptonychotes weddellii (0.0%)
    4. Mirounga angustirostris (0.0%)
    5. Halichoerus grypus (0.0%)

  actual=Mirounga leonina
    1. Mirounga leonina (85.8%)
    2. Lobodon carcinophagus (8.5%)
    3. Leptonychotes weddellii (4.5%)
    4. Hydrurga leptonyx (0.6%)
    5. Erignathus barbatus (0.5%)

results -> /home/arun/echo/projects/seals/backend/experiments/n100k/results/results.txt
plot -> /home/arun/echo/projects/seals/backend/experiments/n100k/results/roc_stage1.png
plot -> /home/arun/echo/projects/seals/backend/experiments/n100k/results/roc_stage2.png
plot -> /home/arun/echo/projects/seals/backend/experiments/n100k/results/confusion_species.png
plot -> /home/arun/echo/projects/seals/backend/experiments/n100k/results/feature_importance.png

done in 949s
